4.26326e-14
-4.45135 -3.10966 0.897764 -2.217 -0.31197 0.502908 0.759087 -1.41727 -0.419477 1.38626 -0.0333042 -2.08363 -4.53885 0.455639 -3.64618 -0.566936 -2.81123 0.792654 0.591016 -0.455602 
-1.40905 -0.342541 -0.144779 -0.702544 0.280589 0.484502 0.571669 -1.07979 -0.030386 0.248887 0.111554 -0.777733 -0.372117 -0.325545 -1.10635 -0.236325 -0.371482 0.211338 0.276338 -0.486644 
1.9476 0.983419 -0.243508 0.823551 -0.206552 -0.338171 -0.230788 0.932687 0.287558 -0.337169 -0.0445748 1.03778 1.53037 0.0622984 1.47038 0.239213 1.05081 -0.147015 -0.26641 0.442846 
1.24864 0.368738 -0.0167939 0.603785 -0.270764 -0.558982 -0.245171 0.610982 0.169683 -0.0934088 -0.168958 0.618112 0.695125 0.155534 1.05041 0.218782 0.597507 -0.118317 -0.185673 0.292609 
5.47847 4.71129 -1.43607 2.53656 0.693784 -0.396773 -0.583445 1.41079 0.421145 -1.88087 0.298037 2.47673 6.16068 -0.854534 4.78224 0.560837 4.16786 -1.29442 -0.785748 0.385377 
-5.56129 -4.21278 1.31804 -2.65021 -0.67575 0.58104 0.780405 -1.65895 -0.486406 1.86837 -0.0643969 -2.5317 -5.9743 0.596695 -4.42794 -0.56899 -3.66556 1.03086 0.716316 -0.46129 
-1.65168 -1.91553 0.679756 -0.853554 -0.399949 0.103519 0.0688146 -0.295315 -0.164682 0.791645 -0.0324971 -0.775421 -2.5129 0.440362 -1.54377 -0.226658 -1.65148 0.545718 0.177216 -0.155198 
1.34088 0.934224 -0.397974 0.818687 0.268037 -0.368137 -0.311792 0.349571 0.0768205 -0.506987 -0.0508917 0.661017 1.50787 -0.184558 0.871741 0.344955 0.638699 -0.202075 -0.214502 0.0384296 
-0.122572 0.0757574 0.0182109 0.152247 -0.0272793 -0.0404404 -0.0588436 0.0381964 -0.0486822 0.108163 -0.202669 0.138935 -0.0743888 -0.0202206 0.042947 0.104337 0.0084727 -0.092868 -0.00548077 -0.0760362 
0.864062 1.00883 -0.375892 0.372651 0.36786 0.289222 0.103812 -0.100499 -0.0477892 -0.387453 0.291541 0.393614 1.55325 -0.217939 0.864753 0.00326745 0.920621 -0.239727 -0.175206 0.0916839 
0.343585 1.10604 -0.605466 0.233778 0.768098 0.262088 -0.000393172 -0.407389 0.134929 -0.372545 0.134256 0.146307 1.6062 -0.351154 0.28286 0.067842 0.610741 -0.0898297 0.0754949 -0.147423 
-3.51297 -2.57403 0.635478 -1.71213 -0.233178 0.43053 0.40895 -1.18962 -0.262259 1.11075 -0.0971149 -1.60118 -3.39024 0.286862 -2.86668 -0.435177 -2.23687 0.528805 0.681103 -0.409975 
-1.05302 -0.264189 0.0727191 -0.577088 -0.0561087 0.406279 0.296354 -0.273897 -0.0100975 0.155358 0.220714 -0.463951 -0.559238 0.152008 -0.453568 -0.193133 -0.388128 -0.041697 0.0754485 -0.147467 
1.22329 0.257977 -0.125113 0.587222 -0.129329 -0.570858 -0.538365 0.789248 0.0594491 -0.27608 -0.188316 0.624471 0.542246 0.163549 0.9128 0.298084 0.428382 -0.063519 -0.267739 0.150718 
0.597246 0.159246 0.0647194 0.112582 0.0494545 -0.0555457 -0.207075 0.0872793 -0.0640599 -0.0580309 -0.0181163 0.138719 0.308954 -0.0136386 0.222572 0.106547 0.270643 -0.0951168 -0.0421167 -0.0387409 
3.58091 2.38574 -0.643808 1.73222 0.291365 -0.510354 -0.637694 1.29679 0.361258 -1.12722 0.00245927 1.87153 3.37558 -0.192574 2.74718 0.437203 2.3188 -0.620977 -0.474738 0.336805 
-0.560486 0.122987 -0.0949718 -0.246278 0.22727 0.638319 0.381267 -0.377807 0.0247012 0.0127644 0.337864 -0.408041 -0.0526866 0.0140676 -0.219749 -0.198179 -0.0416718 -0.0971299 0.0719752 0.0458133 
2.66925 1.84492 -0.353098 1.24456 0.344696 -0.387158 -0.227304 0.967378 0.193585 -0.87977 0.00283156 1.30774 2.39291 -0.316292 2.1334 0.508389 1.56692 -0.524137 -0.488845 0.148504 
-0.561397 -0.377431 -0.0645792 -0.272765 0.0106526 -0.0132244 -0.0603722 -0.511615 -0.232698 0.0421288 -0.0748996 -0.302457 -0.509389 -0.0337506 -0.521316 0.0247051 -0.445791 0.0976358 0.144974 -0.171825 
2.78346 1.55871 -0.160568 1.2609 -0.215947 -0.546382 -0.158013 1.17637 0.0191706 -0.671943 -0.0482731 1.31186 2.18293 -0.161102 2.25166 0.344988 1.72197 -0.382148 -0.307131 0.20006 
