num days: 10
idx: 0 1 2 3 4 5 6 7 8 9 10
arr: 0 0 91 85 83 8 46 23 18 80 41 
len: 0 1 2 2 2 2 3 3 3 4 4 
cnt: 0 1 1 1 1 1 1 1 1 3 2 
pre: 0 0 1 1 1 1 5 5 5 6 7 
4
5
1 5 6 9
num days: 11
idx: 0 1 2 3 4 5 6 7 8 9 10 11
arr: 0 58 47 19 77 73 16 82 42 74 35 53 
len: 0 1 1 1 2 2 1 3 2 3 2 3 
cnt: 0 1 1 1 3 3 1 6 2 5 2 4 
pre: 0 0 0 0 1 1 0 4 3 5 3 8 
3
15
1 4 7
num days: 12
idx: 0 1 2 3 4 5 6 7 8 9 10 11 12
arr: 0 60 55 71 27 52 21 70 30 55 22 61 67 
len: 0 1 1 2 1 2 1 3 2 3 2 4 5 
cnt: 0 1 1 2 1 1 1 1 2 3 1 3 3 
pre: 0 0 0 1 0 4 0 5 4 5 6 9 11 
5
3
4 5 9 11 12
num days: 13
idx: 0 1 2 3 4 5 6 7 8 9 10 11 12 13
arr: 0 32 48 72 73 36 47 26 1 56 47 56 98 83 
len: 0 1 2 3 4 2 3 1 1 4 4 5 6 6 
cnt: 0 1 1 1 1 1 1 1 1 1 1 2 2 2 
pre: 0 0 1 2 3 1 5 0 0 6 6 9 11 11 
6
4
1 5 6 9 11 12
num days: 14
idx: 0 1 2 3 4 5 6 7 8 9 10 11 12 13 14
arr: 0 75 4 44 76 32 12 61 6 12 20 88 76 1 58 
len: 0 1 1 2 3 2 2 3 2 3 4 5 5 1 5 
cnt: 0 1 1 1 1 1 1 3 1 2 2 2 2 1 2 
pre: 0 0 0 2 3 2 2 3 2 6 9 10 10 0 10 
5
6
2 6 9 10 11
num days: 15
idx: 0 1 2 3 4 5 6 7 8 9 10 11 12 13 14 15
arr: 0 79 87 2 20 59 98 97 66 75 85 2 68 2 35 86 
len: 0 1 2 1 2 3 4 4 4 5 6 2 5 3 4 7 
cnt: 0 1 1 1 1 1 1 1 1 1 1 1 1 1 1 1 
pre: 0 0 1 0 3 4 5 5 5 8 9 3 8 11 13 10 
7
1
3 4 5 8 9 10 15
num days: 16
idx: 0 1 2 3 4 5 6 7 8 9 10 11 12 13 14 15 16
arr: 0 36 36 81 4 77 60 89 1 46 83 1 84 71 58 47 94 
len: 0 1 2 3 1 3 3 4 1 3 4 2 5 4 4 4 6 
cnt: 0 1 1 1 1 1 1 3 1 1 4 1 4 2 1 1 4 
pre: 0 0 1 2 0 2 2 3 0 2 3 8 10 6 9 9 12 
6
4
1 2 3 10 12 16
num days: 17
idx: 0 1 2 3 4 5 6 7 8 9 10 11 12 13 14 15 16 17
arr: 0 53 51 74 30 7 80 29 6 40 65 20 32 17 14 83 1 99 
len: 0 1 1 2 1 1 3 2 1 3 4 2 3 2 2 5 1 6 
cnt: 0 1 1 2 1 1 2 1 1 1 1 2 3 2 2 1 1 1 
pre: 0 0 0 1 0 0 3 5 0 7 9 5 7 5 5 10 0 15 
6
1
5 7 9 10 15 17
num days: 18
idx: 0 1 2 3 4 5 6 7 8 9 10 11 12 13 14 15 16 17 18
arr: 0 74 81 52 32 10 56 64 34 61 42 49 96 74 4 99 4 93 16 
len: 0 1 2 1 1 1 2 3 2 3 3 4 5 5 1 6 2 6 3 
cnt: 0 1 1 1 1 1 3 3 2 5 2 2 2 2 1 4 1 2 1 
pre: 0 0 1 0 0 0 3 6 4 6 8 10 11 11 0 12 14 13 16 
6
6
4 8 10 11 12 15
num days: 19
idx: 0 1 2 3 4 5 6 7 8 9 10 11 12 13 14 15 16 17 18 19
arr: 0 91 76 1 44 38 23 39 53 80 38 30 35 24 37 1 15 82 53 62 
len: 0 1 1 1 2 2 2 3 4 5 3 3 4 3 5 2 3 6 6 7 
cnt: 0 1 1 1 1 1 1 2 2 2 2 1 1 1 1 1 1 3 1 1 
pre: 0 0 0 0 3 3 3 5 7 8 5 6 11 6 12 3 15 9 14 18 
7
1
3 6 11 12 14 18 19
num days: 20
idx: 0 1 2 3 4 5 6 7 8 9 10 11 12 13 14 15 16 17 18 19 20
arr: 0 51 32 43 79 0 42 68 3 17 0 20 25 94 12 16 63 40 82 16 16 
len: 0 1 1 2 3 1 2 3 2 3 2 4 5 6 3 4 6 6 7 5 6 
cnt: 0 1 1 1 1 1 2 3 1 1 1 1 1 1 2 2 1 1 2 2 2 
pre: 0 0 0 2 3 0 2 3 5 8 5 9 11 12 8 14 12 12 16 15 19 
7
2
5 8 9 11 12 16 18
